# stores file/path which not in git, usually secure reason 

# eval result not path/file, but will in back dir
`[ -e "$MY_EXT" ] && tree -L 2 $MY_EXT > $MY_ENV/zgen/tree_ext.txt && echo $MY_ENV/zgen/tree_ext.txt`
`cat $LOC_HOSTS > $MY_ENV/zgen/hosts && echo $MY_ENV/zgen/hosts`

# eval result will be path/file
#[ $(echo `uname -a` | grep -c -x "^Linux .*") -eq 1 ] && echo -e $LOC_HOSTS
$LOC_HOSTS
$LOC_FSTAB
$LOC_FSTABD
$LOC_CRONTAB
$LOC_CONF_MYSQL
$LOC_CONF_SAMBA
$MY_ENV/secu
$MY_ENV/zgen
$MY_DEV/eclipse/eclipse.ini

/.ssh/
/.subversion/
/.VirtualBoxVMs/
/.gitconfig
/.smbcredentials
/.m2/settings.xml
/.config/autostart/
/.thunderbird/profiles.ini
/.local/share/applications/
/.kde/share/config/kwalletrc
/.kde/share/apps/kwallet/kdewallet.kwl
/.config/fcitx/table/wbpy_LastAutoPhrase.tmp
/.config/xfce4/xfconf/xfce-perchannel-xml/xfwm4.xml
/.config/xfce4/xfconf/xfce-perchannel-xml/xfce4-keyboard-shortcuts.xml
/cygdrive/c/Users/ouyangzhu/AppData/Roaming/Microsoft/Windows/Start Menu/Programs/Startup/reportIpAddr.bat

# TODO: backup script will mix it with /.config/autostart/
/etc/xdg/autostart/
/etc/resolv.conf
