--------------- 03-02-2013, 23:57:52 ---------------
| DC v0.5.4 beta Rev. 4505 -- x86_64-Linux-gtk2
| Ubuntu 12.04.1 LTS -- GTK 2.24.10
Unhandled exception: EAccessViolation: Access violation
  Stack trace:
  $00000000007010F2 in /usr/bin/doublecmd
  $00000000005F36B5 in /usr/bin/doublecmd
  $000000000075D330 in /usr/bin/doublecmd
  $000000000075C91E in /usr/bin/doublecmd
  $000000000075DD52 in /usr/bin/doublecmd
  $00000000006B64F3 in /usr/bin/doublecmd
  $000000000050F2A5 in /usr/bin/doublecmd
  $00000000006A5C08 in /usr/bin/doublecmd
  $00000000007BAA2F in /usr/bin/doublecmd
  $0000000000785F81 in /usr/bin/doublecmd
  $0000000000793157 in /usr/bin/doublecmd
  $0000000000793512 in /usr/bin/doublecmd
  $00007F444BA68DD8 in /usr/lib/x86_64-linux-gnu/libgtk-x11-2.0.so.0

--------------- 04-02-2013, 00:05:16 ---------------
| DC v0.5.4 beta Rev. 4505 -- x86_64-Linux-gtk2
| Ubuntu 12.04.1 LTS -- GTK 2.24.10
Unhandled exception: EInvalidOperation: Cannot focus a disabled or invisible window
  Stack trace:
  $0000000000559F4A in /usr/bin/doublecmd
  $0000000000555AB2 in /usr/bin/doublecmd
  $00000000006A6631 in /usr/bin/doublecmd
  $000000000057F8F7 in /usr/bin/doublecmd
  $0000000000846861 in /usr/bin/doublecmd
  $00000000006A66B7 in /usr/bin/doublecmd
  $00000000006A66EB in /usr/bin/doublecmd
  $00000000006A6AA0 in /usr/bin/doublecmd
  $00000000006A69D0 in /usr/bin/doublecmd
  $00000000006A985F in /usr/bin/doublecmd
  $000000000050F2A5 in /usr/bin/doublecmd
  $00000000006A5C08 in /usr/bin/doublecmd
  $00000000007D3E79 in /usr/bin/doublecmd
  $00000000007BAA2F in /usr/bin/doublecmd
  $0000000000785F81 in /usr/bin/doublecmd
  $0000000000783509 in /usr/bin/doublecmd
  $0000000000782693 in /usr/bin/doublecmd

--------------- 07-02-2013, 21:43:46 ---------------
| DC v0.5.4 beta Rev. 4505 -- x86_64-Linux-gtk2
| Ubuntu 12.04.1 LTS -- GTK 2.24.10
Unhandled exception: EInvalidOperation: Cannot focus a disabled or invisible window
  Stack trace:
  $0000000000559F4A in /usr/bin/doublecmd
  $0000000000555AB2 in /usr/bin/doublecmd
  $00000000006A6631 in /usr/bin/doublecmd
  $000000000057F8F7 in /usr/bin/doublecmd
  $0000000000846861 in /usr/bin/doublecmd
  $00000000006A66B7 in /usr/bin/doublecmd
  $00000000006A66EB in /usr/bin/doublecmd
  $00000000006A6AA0 in /usr/bin/doublecmd
  $00000000006A69D0 in /usr/bin/doublecmd
  $00000000006A985F in /usr/bin/doublecmd
  $000000000050F2A5 in /usr/bin/doublecmd
  $00000000006A5C08 in /usr/bin/doublecmd
  $00000000007D3E79 in /usr/bin/doublecmd
  $00000000007BAA2F in /usr/bin/doublecmd
  $0000000000785F81 in /usr/bin/doublecmd
  $0000000000783509 in /usr/bin/doublecmd
  $0000000000782693 in /usr/bin/doublecmd

--------------- 07-02-2013, 21:45:40 ---------------
| DC v0.5.4 beta Rev. 4505 -- x86_64-Linux-gtk2
| Ubuntu 12.04.1 LTS -- GTK 2.24.10
Unhandled exception: EAccessViolation: Access violation
  Stack trace:
  $00007F39B2B61E54 in /usr/lib/doublecmd/plugins/wcx/zip/zip.wcx

